mode: set
github.com/deislabs/ratify/config/config.go:57.25,58.21 1 1
github.com/deislabs/ratify/config/config.go:61.2,62.21 2 1
github.com/deislabs/ratify/config/config.go:66.2,67.66 2 1
github.com/deislabs/ratify/config/config.go:58.21,60.3 1 0
github.com/deislabs/ratify/config/config.go:62.21,65.3 1 0
github.com/deislabs/ratify/config/config.go:70.26,71.19 1 0
github.com/deislabs/ratify/config/config.go:74.2,74.16 1 0
github.com/deislabs/ratify/config/config.go:71.19,73.3 1 0
github.com/deislabs/ratify/config/config.go:78.50,84.20 3 1
github.com/deislabs/ratify/config/config.go:88.2,89.16 2 1
github.com/deislabs/ratify/config/config.go:93.2,94.16 2 1
github.com/deislabs/ratify/config/config.go:98.2,98.20 1 1
github.com/deislabs/ratify/config/config.go:84.20,86.3 1 1
github.com/deislabs/ratify/config/config.go:89.16,91.3 1 1
github.com/deislabs/ratify/config/config.go:94.16,96.3 1 0
github.com/deislabs/ratify/config/config.go:101.36,102.30 1 1
github.com/deislabs/ratify/config/config.go:105.2,105.27 1 1
github.com/deislabs/ratify/config/config.go:102.30,104.3 1 0
github.com/deislabs/ratify/config/config.go:109.57,110.26 1 1
github.com/deislabs/ratify/config/config.go:117.2,117.23 1 1
github.com/deislabs/ratify/config/config.go:110.26,111.22 1 1
github.com/deislabs/ratify/config/config.go:115.3,115.31 1 1
github.com/deislabs/ratify/config/config.go:111.22,113.4 1 1
github.com/deislabs/ratify/config/config.go:120.60,124.31 3 1
github.com/deislabs/ratify/config/config.go:128.2,128.47 1 1
github.com/deislabs/ratify/config/config.go:124.31,126.3 1 0
github.com/deislabs/ratify/config/configManager.go:42.79,47.16 3 0
github.com/deislabs/ratify/config/configManager.go:51.2,55.16 3 0
github.com/deislabs/ratify/config/configManager.go:59.2,68.16 3 0
github.com/deislabs/ratify/config/configManager.go:72.2,74.29 2 0
github.com/deislabs/ratify/config/configManager.go:47.16,48.30 1 0
github.com/deislabs/ratify/config/configManager.go:48.30,48.55 1 0
github.com/deislabs/ratify/config/configManager.go:55.16,56.30 1 0
github.com/deislabs/ratify/config/configManager.go:56.30,56.55 1 0
github.com/deislabs/ratify/config/configManager.go:68.16,69.30 1 0
github.com/deislabs/ratify/config/configManager.go:69.30,69.55 1 0
github.com/deislabs/ratify/config/configManager.go:74.29,74.49 1 0
github.com/deislabs/ratify/config/configManager.go:78.134,81.16 2 0
github.com/deislabs/ratify/config/configManager.go:84.2,88.16 3 0
github.com/deislabs/ratify/config/configManager.go:92.2,96.16 3 0
github.com/deislabs/ratify/config/configManager.go:100.2,102.47 2 0
github.com/deislabs/ratify/config/configManager.go:81.16,83.3 1 0
github.com/deislabs/ratify/config/configManager.go:88.16,90.3 1 0
github.com/deislabs/ratify/config/configManager.go:96.16,98.3 1 0
github.com/deislabs/ratify/config/configManager.go:105.44,109.16 2 0
github.com/deislabs/ratify/config/configManager.go:114.2,114.31 1 0
github.com/deislabs/ratify/config/configManager.go:135.2,135.8 1 0
github.com/deislabs/ratify/config/configManager.go:109.16,112.3 2 0
github.com/deislabs/ratify/config/configManager.go:114.31,124.17 3 0
github.com/deislabs/ratify/config/configManager.go:129.3,131.84 3 0
github.com/deislabs/ratify/config/configManager.go:124.17,127.4 2 0
github.com/deislabs/ratify/config/configManager.go:132.8,134.3 1 0
github.com/deislabs/ratify/config/configManager.go:139.63,142.16 2 0
github.com/deislabs/ratify/config/configManager.go:146.2,148.16 2 0
github.com/deislabs/ratify/config/configManager.go:153.2,156.12 2 0
github.com/deislabs/ratify/config/configManager.go:215.2,215.12 1 0
github.com/deislabs/ratify/config/configManager.go:142.16,144.3 1 0
github.com/deislabs/ratify/config/configManager.go:148.16,151.3 2 0
github.com/deislabs/ratify/config/configManager.go:156.12,158.7 1 0
github.com/deislabs/ratify/config/configManager.go:158.7,159.11 1 0
github.com/deislabs/ratify/config/configManager.go:160.39,161.12 1 0
github.com/deislabs/ratify/config/configManager.go:166.5,171.84 2 0
github.com/deislabs/ratify/config/configManager.go:202.5,202.82 1 0
github.com/deislabs/ratify/config/configManager.go:206.37,207.12 1 0
github.com/deislabs/ratify/config/configManager.go:161.12,164.6 2 0
github.com/deislabs/ratify/config/configManager.go:171.84,179.21 6 0
github.com/deislabs/ratify/config/configManager.go:189.6,192.20 3 0
github.com/deislabs/ratify/config/configManager.go:197.6,197.81 1 0
github.com/deislabs/ratify/config/configManager.go:179.21,180.23 1 0
github.com/deislabs/ratify/config/configManager.go:184.7,187.17 4 0
github.com/deislabs/ratify/config/configManager.go:180.23,183.8 2 0
github.com/deislabs/ratify/config/configManager.go:192.20,194.15 2 0
github.com/deislabs/ratify/config/configManager.go:202.82,204.6 1 0
github.com/deislabs/ratify/config/configManager.go:207.12,210.6 2 0
github.com/deislabs/ratify/httpserver/context.go:42.77,44.53 2 1
github.com/deislabs/ratify/httpserver/context.go:44.53,46.61 2 0
github.com/deislabs/ratify/httpserver/context.go:46.61,48.4 1 0
github.com/deislabs/ratify/httpserver/context.go:52.61,59.58 4 0
github.com/deislabs/ratify/httpserver/context.go:62.2,62.12 1 0
github.com/deislabs/ratify/httpserver/context.go:59.58,61.3 1 0
github.com/deislabs/ratify/httpserver/handlers.go:33.97,37.16 3 1
github.com/deislabs/ratify/httpserver/handlers.go:42.2,44.16 3 1
github.com/deislabs/ratify/httpserver/handlers.go:48.2,50.55 2 1
github.com/deislabs/ratify/httpserver/handlers.go:74.2,74.53 1 0
github.com/deislabs/ratify/httpserver/handlers.go:37.16,39.3 1 0
github.com/deislabs/ratify/httpserver/handlers.go:44.16,46.3 1 0
github.com/deislabs/ratify/httpserver/handlers.go:50.55,60.17 4 1
github.com/deislabs/ratify/httpserver/handlers.go:64.3,65.17 2 0
github.com/deislabs/ratify/httpserver/handlers.go:69.3,72.5 1 0
github.com/deislabs/ratify/httpserver/handlers.go:60.17,62.4 1 0
github.com/deislabs/ratify/httpserver/handlers.go:65.17,67.4 1 0
github.com/deislabs/ratify/httpserver/handlers.go:77.110,83.20 2 1
github.com/deislabs/ratify/httpserver/handlers.go:89.2,90.44 2 1
github.com/deislabs/ratify/httpserver/handlers.go:83.20,85.3 1 0
github.com/deislabs/ratify/httpserver/handlers.go:85.8,87.3 1 1
github.com/deislabs/ratify/httpserver/handlers.go:93.78,94.81 1 1
github.com/deislabs/ratify/httpserver/handlers.go:94.81,102.13 6 1
github.com/deislabs/ratify/httpserver/handlers.go:107.3,107.10 1 1
github.com/deislabs/ratify/httpserver/handlers.go:113.3,113.17 1 1
github.com/deislabs/ratify/httpserver/handlers.go:117.3,117.13 1 0
github.com/deislabs/ratify/httpserver/handlers.go:102.13,105.4 2 1
github.com/deislabs/ratify/httpserver/handlers.go:108.21,109.71 1 1
github.com/deislabs/ratify/httpserver/handlers.go:110.22,110.22 0 0
github.com/deislabs/ratify/httpserver/handlers.go:113.17,115.4 1 1
github.com/deislabs/ratify/httpserver/server.go:41.106,42.19 1 0
github.com/deislabs/ratify/httpserver/server.go:46.2,54.20 3 0
github.com/deislabs/ratify/httpserver/server.go:42.19,44.3 1 0
github.com/deislabs/ratify/httpserver/server.go:57.35,59.16 2 0
github.com/deislabs/ratify/httpserver/server.go:62.2,63.16 2 0
github.com/deislabs/ratify/httpserver/server.go:66.2,70.24 2 0
github.com/deislabs/ratify/httpserver/server.go:59.16,61.3 1 0
github.com/deislabs/ratify/httpserver/server.go:63.16,65.3 1 0
github.com/deislabs/ratify/httpserver/server.go:73.77,78.2 1 0
github.com/deislabs/ratify/httpserver/server.go:80.42,82.2 1 0
github.com/deislabs/ratify/httpserver/server.go:86.51,88.2 1 0
github.com/deislabs/ratify/pkg/common/plugin/args.go:28.44,31.32 2 1
github.com/deislabs/ratify/pkg/common/plugin/args.go:35.2,35.35 1 1
github.com/deislabs/ratify/pkg/common/plugin/args.go:31.32,33.3 1 1
github.com/deislabs/ratify/pkg/common/plugin/args.go:40.51,44.25 3 1
github.com/deislabs/ratify/pkg/common/plugin/args.go:54.2,54.27 1 1
github.com/deislabs/ratify/pkg/common/plugin/args.go:58.2,58.12 1 1
github.com/deislabs/ratify/pkg/common/plugin/args.go:44.25,47.13 2 1
github.com/deislabs/ratify/pkg/common/plugin/args.go:51.3,51.30 1 1
github.com/deislabs/ratify/pkg/common/plugin/args.go:47.13,49.12 2 1
github.com/deislabs/ratify/pkg/common/plugin/args.go:54.27,56.3 1 1
github.com/deislabs/ratify/pkg/common/plugin/args.go:62.55,64.16 1 1
github.com/deislabs/ratify/pkg/common/plugin/args.go:68.2,71.29 3 1
github.com/deislabs/ratify/pkg/common/plugin/args.go:78.2,78.24 1 1
github.com/deislabs/ratify/pkg/common/plugin/args.go:64.16,66.3 1 1
github.com/deislabs/ratify/pkg/common/plugin/args.go:71.29,73.19 2 1
github.com/deislabs/ratify/pkg/common/plugin/args.go:76.3,76.59 1 1
github.com/deislabs/ratify/pkg/common/plugin/args.go:73.19,75.4 1 0
github.com/deislabs/ratify/pkg/common/plugin/exec.go:47.151,57.38 8 0
github.com/deislabs/ratify/pkg/common/plugin/exec.go:79.2,79.41 1 0
github.com/deislabs/ratify/pkg/common/plugin/exec.go:83.2,83.28 1 0
github.com/deislabs/ratify/pkg/common/plugin/exec.go:57.38,61.17 2 0
github.com/deislabs/ratify/pkg/common/plugin/exec.go:67.3,67.54 1 0
github.com/deislabs/ratify/pkg/common/plugin/exec.go:73.3,73.63 1 0
github.com/deislabs/ratify/pkg/common/plugin/exec.go:61.17,62.9 1 0
github.com/deislabs/ratify/pkg/common/plugin/exec.go:67.54,69.12 2 0
github.com/deislabs/ratify/pkg/common/plugin/exec.go:79.41,81.3 1 0
github.com/deislabs/ratify/pkg/common/plugin/exec.go:86.77,88.22 2 0
github.com/deislabs/ratify/pkg/common/plugin/exec.go:97.2,97.16 1 0
github.com/deislabs/ratify/pkg/common/plugin/exec.go:88.22,89.23 1 0
github.com/deislabs/ratify/pkg/common/plugin/exec.go:89.23,91.4 1 0
github.com/deislabs/ratify/pkg/common/plugin/exec.go:91.9,93.4 1 0
github.com/deislabs/ratify/pkg/common/plugin/exec.go:94.8,94.65 1 0
github.com/deislabs/ratify/pkg/common/plugin/exec.go:94.65,96.3 1 0
github.com/deislabs/ratify/pkg/common/plugin/exec.go:100.86,102.2 1 0
github.com/deislabs/ratify/pkg/common/plugin/find.go:25.65,26.18 1 1
github.com/deislabs/ratify/pkg/common/plugin/find.go:30.2,30.21 1 1
github.com/deislabs/ratify/pkg/common/plugin/find.go:34.2,34.29 1 1
github.com/deislabs/ratify/pkg/common/plugin/find.go:43.2,43.78 1 1
github.com/deislabs/ratify/pkg/common/plugin/find.go:26.18,28.3 1 1
github.com/deislabs/ratify/pkg/common/plugin/find.go:30.21,32.3 1 1
github.com/deislabs/ratify/pkg/common/plugin/find.go:34.29,35.47 1 1
github.com/deislabs/ratify/pkg/common/plugin/find.go:35.47,37.73 2 1
github.com/deislabs/ratify/pkg/common/plugin/find.go:37.73,39.5 1 1
github.com/deislabs/ratify/pkg/common/plugin/types.go:32.54,38.2 1 1
github.com/deislabs/ratify/pkg/common/plugin/types.go:40.32,42.21 2 1
github.com/deislabs/ratify/pkg/common/plugin/types.go:45.2,45.44 1 1
github.com/deislabs/ratify/pkg/common/plugin/types.go:42.21,44.3 1 1
github.com/deislabs/ratify/pkg/common/plugin/types.go:48.31,50.2 1 0
github.com/deislabs/ratify/pkg/common/plugin/types.go:52.41,54.16 2 0
github.com/deislabs/ratify/pkg/common/plugin/types.go:57.2,58.12 2 0
github.com/deislabs/ratify/pkg/common/plugin/types.go:54.16,56.3 1 0
github.com/deislabs/ratify/pkg/executor/core/executor.go:48.126,51.16 2 0
github.com/deislabs/ratify/pkg/executor/core/executor.go:57.2,57.20 1 0
github.com/deislabs/ratify/pkg/executor/core/executor.go:51.16,55.3 1 0
github.com/deislabs/ratify/pkg/executor/core/executor.go:60.66,62.69 2 0
github.com/deislabs/ratify/pkg/executor/core/executor.go:65.2,65.62 1 0
github.com/deislabs/ratify/pkg/executor/core/executor.go:62.69,64.3 1 0
github.com/deislabs/ratify/pkg/executor/core/executor.go:68.134,70.16 2 1
github.com/deislabs/ratify/pkg/executor/core/executor.go:74.2,76.16 2 1
github.com/deislabs/ratify/pkg/executor/core/executor.go:80.2,86.56 4 1
github.com/deislabs/ratify/pkg/executor/core/executor.go:116.2,116.31 1 1
github.com/deislabs/ratify/pkg/executor/core/executor.go:120.2,122.70 2 1
github.com/deislabs/ratify/pkg/executor/core/executor.go:126.2,126.99 1 1
github.com/deislabs/ratify/pkg/executor/core/executor.go:70.16,72.3 1 0
github.com/deislabs/ratify/pkg/executor/core/executor.go:76.16,78.3 1 1
github.com/deislabs/ratify/pkg/executor/core/executor.go:86.56,88.7 2 1
github.com/deislabs/ratify/pkg/executor/core/executor.go:88.7,90.18 2 1
github.com/deislabs/ratify/pkg/executor/core/executor.go:93.4,95.56 2 1
github.com/deislabs/ratify/pkg/executor/core/executor.go:110.4,110.31 1 1
github.com/deislabs/ratify/pkg/executor/core/executor.go:90.18,92.5 1 0
github.com/deislabs/ratify/pkg/executor/core/executor.go:95.56,97.79 1 1
github.com/deislabs/ratify/pkg/executor/core/executor.go:97.79,101.33 3 1
github.com/deislabs/ratify/pkg/executor/core/executor.go:101.33,104.73 2 1
github.com/deislabs/ratify/pkg/executor/core/executor.go:104.73,106.8 1 0
github.com/deislabs/ratify/pkg/executor/core/executor.go:110.31,111.10 1 1
github.com/deislabs/ratify/pkg/executor/core/executor.go:116.31,118.3 1 1
github.com/deislabs/ratify/pkg/executor/core/executor.go:122.70,124.3 1 0
github.com/deislabs/ratify/pkg/executor/core/executor.go:129.233,133.40 3 1
github.com/deislabs/ratify/pkg/executor/core/executor.go:152.2,152.81 1 1
github.com/deislabs/ratify/pkg/executor/core/executor.go:133.40,135.45 1 1
github.com/deislabs/ratify/pkg/executor/core/executor.go:135.45,138.18 3 1
github.com/deislabs/ratify/pkg/executor/core/executor.go:145.4,148.9 4 1
github.com/deislabs/ratify/pkg/executor/core/executor.go:138.18,143.5 1 0
github.com/deislabs/ratify/pkg/executor/core/executorwithcache.go:34.142,38.8 2 0
github.com/deislabs/ratify/pkg/executor/core/executorwithcache.go:42.2,44.16 2 0
github.com/deislabs/ratify/pkg/executor/core/executorwithcache.go:48.2,48.20 1 0
github.com/deislabs/ratify/pkg/executor/core/executorwithcache.go:38.8,40.3 1 0
github.com/deislabs/ratify/pkg/executor/core/executorwithcache.go:44.16,46.3 1 0
github.com/deislabs/ratify/pkg/executor/core/testtypes.go:33.38,35.2 1 0
github.com/deislabs/ratify/pkg/executor/core/testtypes.go:37.110,39.2 1 1
github.com/deislabs/ratify/pkg/executor/core/testtypes.go:45.63,49.2 1 1
github.com/deislabs/ratify/pkg/policyprovider/configpolicy/configpolicy.go:48.13,50.2 1 1
github.com/deislabs/ratify/pkg/policyprovider/configpolicy/configpolicy.go:53.117,58.16 4 1
github.com/deislabs/ratify/pkg/policyprovider/configpolicy/configpolicy.go:62.2,62.73 1 1
github.com/deislabs/ratify/pkg/policyprovider/configpolicy/configpolicy.go:66.2,66.46 1 1
github.com/deislabs/ratify/pkg/policyprovider/configpolicy/configpolicy.go:71.2,71.66 1 1
github.com/deislabs/ratify/pkg/policyprovider/configpolicy/configpolicy.go:74.2,74.29 1 1
github.com/deislabs/ratify/pkg/policyprovider/configpolicy/configpolicy.go:58.16,60.3 1 0
github.com/deislabs/ratify/pkg/policyprovider/configpolicy/configpolicy.go:62.73,64.3 1 0
github.com/deislabs/ratify/pkg/policyprovider/configpolicy/configpolicy.go:66.46,68.3 1 0
github.com/deislabs/ratify/pkg/policyprovider/configpolicy/configpolicy.go:68.8,70.3 1 1
github.com/deislabs/ratify/pkg/policyprovider/configpolicy/configpolicy.go:71.66,73.3 1 1
github.com/deislabs/ratify/pkg/policyprovider/configpolicy/configpolicy.go:78.150,80.2 1 0
github.com/deislabs/ratify/pkg/policyprovider/configpolicy/configpolicy.go:83.201,86.18 3 1
github.com/deislabs/ratify/pkg/policyprovider/configpolicy/configpolicy.go:89.2,89.35 1 1
github.com/deislabs/ratify/pkg/policyprovider/configpolicy/configpolicy.go:86.18,88.3 1 1
github.com/deislabs/ratify/pkg/policyprovider/configpolicy/configpolicy.go:89.35,91.3 1 1
github.com/deislabs/ratify/pkg/policyprovider/configpolicy/configpolicy.go:91.8,93.3 1 1
github.com/deislabs/ratify/pkg/policyprovider/configpolicy/configpolicy.go:97.136,106.2 4 0
github.com/deislabs/ratify/pkg/policyprovider/configpolicy/configpolicy.go:110.109,111.31 1 1
github.com/deislabs/ratify/pkg/policyprovider/configpolicy/configpolicy.go:116.2,117.58 2 1
github.com/deislabs/ratify/pkg/policyprovider/configpolicy/configpolicy.go:124.2,124.41 1 1
github.com/deislabs/ratify/pkg/policyprovider/configpolicy/configpolicy.go:151.2,151.42 1 1
github.com/deislabs/ratify/pkg/policyprovider/configpolicy/configpolicy.go:156.2,156.13 1 1
github.com/deislabs/ratify/pkg/policyprovider/configpolicy/configpolicy.go:111.31,113.3 1 1
github.com/deislabs/ratify/pkg/policyprovider/configpolicy/configpolicy.go:117.58,119.40 1 1
github.com/deislabs/ratify/pkg/policyprovider/configpolicy/configpolicy.go:119.40,121.4 1 1
github.com/deislabs/ratify/pkg/policyprovider/configpolicy/configpolicy.go:124.41,129.10 3 1
github.com/deislabs/ratify/pkg/policyprovider/configpolicy/configpolicy.go:137.3,137.66 1 1
github.com/deislabs/ratify/pkg/policyprovider/configpolicy/configpolicy.go:129.10,135.4 3 1
github.com/deislabs/ratify/pkg/policyprovider/configpolicy/configpolicy.go:137.66,140.4 1 1
github.com/deislabs/ratify/pkg/policyprovider/configpolicy/configpolicy.go:140.9,140.47 1 1
github.com/deislabs/ratify/pkg/policyprovider/configpolicy/configpolicy.go:140.47,142.31 1 1
github.com/deislabs/ratify/pkg/policyprovider/configpolicy/configpolicy.go:146.4,146.51 1 1
github.com/deislabs/ratify/pkg/policyprovider/configpolicy/configpolicy.go:142.31,145.5 1 1
github.com/deislabs/ratify/pkg/policyprovider/configpolicy/configpolicy.go:151.42,152.35 1 1
github.com/deislabs/ratify/pkg/policyprovider/configpolicy/configpolicy.go:152.35,154.4 1 1
github.com/deislabs/ratify/pkg/policyprovider/factory/factory.go:36.51,37.20 1 0
github.com/deislabs/ratify/pkg/policyprovider/factory/factory.go:40.2,41.16 2 0
github.com/deislabs/ratify/pkg/policyprovider/factory/factory.go:45.2,45.40 1 0
github.com/deislabs/ratify/pkg/policyprovider/factory/factory.go:37.20,38.40 1 0
github.com/deislabs/ratify/pkg/policyprovider/factory/factory.go:41.16,42.73 1 0
github.com/deislabs/ratify/pkg/policyprovider/factory/factory.go:49.112,50.38 1 1
github.com/deislabs/ratify/pkg/policyprovider/factory/factory.go:54.2,55.9 2 1
github.com/deislabs/ratify/pkg/policyprovider/factory/factory.go:59.2,62.9 3 1
github.com/deislabs/ratify/pkg/policyprovider/factory/factory.go:66.2,67.16 2 1
github.com/deislabs/ratify/pkg/policyprovider/factory/factory.go:71.2,72.28 2 1
github.com/deislabs/ratify/pkg/policyprovider/factory/factory.go:50.38,52.3 1 0
github.com/deislabs/ratify/pkg/policyprovider/factory/factory.go:55.9,57.3 1 0
github.com/deislabs/ratify/pkg/policyprovider/factory/factory.go:62.9,64.3 1 1
github.com/deislabs/ratify/pkg/policyprovider/factory/factory.go:67.16,69.3 1 0
github.com/deislabs/ratify/pkg/referrerstore/factory/factory.go:37.50,38.20 1 0
github.com/deislabs/ratify/pkg/referrerstore/factory/factory.go:41.2,42.16 2 0
github.com/deislabs/ratify/pkg/referrerstore/factory/factory.go:46.2,46.31 1 0
github.com/deislabs/ratify/pkg/referrerstore/factory/factory.go:38.20,39.39 1 0
github.com/deislabs/ratify/pkg/referrerstore/factory/factory.go:42.16,43.72 1 0
github.com/deislabs/ratify/pkg/referrerstore/factory/factory.go:50.128,51.32 1 1
github.com/deislabs/ratify/pkg/referrerstore/factory/factory.go:55.2,56.16 2 1
github.com/deislabs/ratify/pkg/referrerstore/factory/factory.go:60.2,60.35 1 1
github.com/deislabs/ratify/pkg/referrerstore/factory/factory.go:64.2,66.42 2 1
github.com/deislabs/ratify/pkg/referrerstore/factory/factory.go:69.2,69.50 1 1
github.com/deislabs/ratify/pkg/referrerstore/factory/factory.go:100.2,100.20 1 1
github.com/deislabs/ratify/pkg/referrerstore/factory/factory.go:51.32,53.3 1 1
github.com/deislabs/ratify/pkg/referrerstore/factory/factory.go:56.16,58.3 1 0
github.com/deislabs/ratify/pkg/referrerstore/factory/factory.go:60.35,62.3 1 0
github.com/deislabs/ratify/pkg/referrerstore/factory/factory.go:66.42,68.3 1 1
github.com/deislabs/ratify/pkg/referrerstore/factory/factory.go:69.50,71.10 2 1
github.com/deislabs/ratify/pkg/referrerstore/factory/factory.go:75.3,76.59 2 1
github.com/deislabs/ratify/pkg/referrerstore/factory/factory.go:80.3,81.9 2 1
github.com/deislabs/ratify/pkg/referrerstore/factory/factory.go:71.10,73.4 1 0
github.com/deislabs/ratify/pkg/referrerstore/factory/factory.go:76.59,78.4 1 0
github.com/deislabs/ratify/pkg/referrerstore/factory/factory.go:81.9,84.18 2 1
github.com/deislabs/ratify/pkg/referrerstore/factory/factory.go:88.4,88.34 1 1
github.com/deislabs/ratify/pkg/referrerstore/factory/factory.go:84.18,86.5 1 0
github.com/deislabs/ratify/pkg/referrerstore/factory/factory.go:89.9,92.18 2 1
github.com/deislabs/ratify/pkg/referrerstore/factory/factory.go:96.4,96.34 1 1
github.com/deislabs/ratify/pkg/referrerstore/factory/factory.go:92.18,94.5 1 0
github.com/deislabs/ratify/pkg/referrerstore/factory/factory.go:103.68,108.2 1 1
github.com/deislabs/ratify/pkg/referrerstore/oras/authprovider/authproviderfactory.go:32.57,33.20 1 1
github.com/deislabs/ratify/pkg/referrerstore/oras/authprovider/authproviderfactory.go:36.2,37.16 2 1
github.com/deislabs/ratify/pkg/referrerstore/oras/authprovider/authproviderfactory.go:41.2,41.38 1 1
github.com/deislabs/ratify/pkg/referrerstore/oras/authprovider/authproviderfactory.go:33.20,34.47 1 0
github.com/deislabs/ratify/pkg/referrerstore/oras/authprovider/authproviderfactory.go:37.16,38.80 1 0
github.com/deislabs/ratify/pkg/referrerstore/oras/authprovider/authproviderfactory.go:46.96,48.31 1 1
github.com/deislabs/ratify/pkg/referrerstore/oras/authprovider/authproviderfactory.go:53.2,54.16 2 1
github.com/deislabs/ratify/pkg/referrerstore/oras/authprovider/authproviderfactory.go:58.2,59.9 2 1
github.com/deislabs/ratify/pkg/referrerstore/oras/authprovider/authproviderfactory.go:63.2,66.9 3 1
github.com/deislabs/ratify/pkg/referrerstore/oras/authprovider/authproviderfactory.go:69.2,70.16 2 1
github.com/deislabs/ratify/pkg/referrerstore/oras/authprovider/authproviderfactory.go:74.2,75.26 2 1
github.com/deislabs/ratify/pkg/referrerstore/oras/authprovider/authproviderfactory.go:48.31,51.3 2 1
github.com/deislabs/ratify/pkg/referrerstore/oras/authprovider/authproviderfactory.go:54.16,56.3 1 0
github.com/deislabs/ratify/pkg/referrerstore/oras/authprovider/authproviderfactory.go:59.9,61.3 1 0
github.com/deislabs/ratify/pkg/referrerstore/oras/authprovider/authproviderfactory.go:66.9,68.3 1 1
github.com/deislabs/ratify/pkg/referrerstore/oras/authprovider/authproviderfactory.go:70.16,72.3 1 0
github.com/deislabs/ratify/pkg/referrerstore/oras/authprovider/authproviderfactory.go:79.78,81.2 1 1
github.com/deislabs/ratify/pkg/referrerstore/oras/authprovider/k8secret_authprovider.go:61.13,63.2 1 1
github.com/deislabs/ratify/pkg/referrerstore/oras/authprovider/k8secret_authprovider.go:67.103,71.16 3 0
github.com/deislabs/ratify/pkg/referrerstore/oras/authprovider/k8secret_authprovider.go:75.2,75.71 1 0
github.com/deislabs/ratify/pkg/referrerstore/oras/authprovider/k8secret_authprovider.go:79.2,80.16 2 0
github.com/deislabs/ratify/pkg/referrerstore/oras/authprovider/k8secret_authprovider.go:84.2,85.16 2 0
github.com/deislabs/ratify/pkg/referrerstore/oras/authprovider/k8secret_authprovider.go:89.2,89.35 1 0
github.com/deislabs/ratify/pkg/referrerstore/oras/authprovider/k8secret_authprovider.go:94.2,95.21 2 0
github.com/deislabs/ratify/pkg/referrerstore/oras/authprovider/k8secret_authprovider.go:99.2,103.8 1 0
github.com/deislabs/ratify/pkg/referrerstore/oras/authprovider/k8secret_authprovider.go:71.16,73.3 1 0
github.com/deislabs/ratify/pkg/referrerstore/oras/authprovider/k8secret_authprovider.go:75.71,77.3 1 0
github.com/deislabs/ratify/pkg/referrerstore/oras/authprovider/k8secret_authprovider.go:80.16,82.3 1 0
github.com/deislabs/ratify/pkg/referrerstore/oras/authprovider/k8secret_authprovider.go:85.16,87.3 1 0
github.com/deislabs/ratify/pkg/referrerstore/oras/authprovider/k8secret_authprovider.go:89.35,91.3 1 0
github.com/deislabs/ratify/pkg/referrerstore/oras/authprovider/k8secret_authprovider.go:95.21,97.3 1 0
github.com/deislabs/ratify/pkg/referrerstore/oras/authprovider/k8secret_authprovider.go:107.66,108.58 1 0
github.com/deislabs/ratify/pkg/referrerstore/oras/authprovider/k8secret_authprovider.go:112.2,112.13 1 0
github.com/deislabs/ratify/pkg/referrerstore/oras/authprovider/k8secret_authprovider.go:108.58,110.3 1 0
github.com/deislabs/ratify/pkg/referrerstore/oras/authprovider/k8secret_authprovider.go:117.98,118.21 1 0
github.com/deislabs/ratify/pkg/referrerstore/oras/authprovider/k8secret_authprovider.go:122.2,123.16 2 0
github.com/deislabs/ratify/pkg/referrerstore/oras/authprovider/k8secret_authprovider.go:128.2,128.44 1 0
github.com/deislabs/ratify/pkg/referrerstore/oras/authprovider/k8secret_authprovider.go:155.2,156.16 2 0
github.com/deislabs/ratify/pkg/referrerstore/oras/authprovider/k8secret_authprovider.go:161.2,161.66 1 0
github.com/deislabs/ratify/pkg/referrerstore/oras/authprovider/k8secret_authprovider.go:180.2,180.80 1 0
github.com/deislabs/ratify/pkg/referrerstore/oras/authprovider/k8secret_authprovider.go:118.21,120.3 1 0
github.com/deislabs/ratify/pkg/referrerstore/oras/authprovider/k8secret_authprovider.go:123.16,125.3 1 0
github.com/deislabs/ratify/pkg/referrerstore/oras/authprovider/k8secret_authprovider.go:128.44,130.31 1 0
github.com/deislabs/ratify/pkg/referrerstore/oras/authprovider/k8secret_authprovider.go:134.3,135.17 2 0
github.com/deislabs/ratify/pkg/referrerstore/oras/authprovider/k8secret_authprovider.go:140.3,140.96 1 0
github.com/deislabs/ratify/pkg/referrerstore/oras/authprovider/k8secret_authprovider.go:130.31,132.4 1 0
github.com/deislabs/ratify/pkg/referrerstore/oras/authprovider/k8secret_authprovider.go:135.17,137.4 1 0
github.com/deislabs/ratify/pkg/referrerstore/oras/authprovider/k8secret_authprovider.go:140.96,142.54 2 0
github.com/deislabs/ratify/pkg/referrerstore/oras/authprovider/k8secret_authprovider.go:146.4,146.18 1 0
github.com/deislabs/ratify/pkg/referrerstore/oras/authprovider/k8secret_authprovider.go:142.54,144.5 1 0
github.com/deislabs/ratify/pkg/referrerstore/oras/authprovider/k8secret_authprovider.go:146.18,148.5 1 0
github.com/deislabs/ratify/pkg/referrerstore/oras/authprovider/k8secret_authprovider.go:149.9,151.4 1 0
github.com/deislabs/ratify/pkg/referrerstore/oras/authprovider/k8secret_authprovider.go:156.16,158.3 1 0
github.com/deislabs/ratify/pkg/referrerstore/oras/authprovider/k8secret_authprovider.go:161.66,163.17 2 0
github.com/deislabs/ratify/pkg/referrerstore/oras/authprovider/k8secret_authprovider.go:168.3,168.96 1 0
github.com/deislabs/ratify/pkg/referrerstore/oras/authprovider/k8secret_authprovider.go:163.17,165.4 1 0
github.com/deislabs/ratify/pkg/referrerstore/oras/authprovider/k8secret_authprovider.go:168.96,170.54 2 0
github.com/deislabs/ratify/pkg/referrerstore/oras/authprovider/k8secret_authprovider.go:174.4,174.18 1 0
github.com/deislabs/ratify/pkg/referrerstore/oras/authprovider/k8secret_authprovider.go:170.54,172.5 1 0
github.com/deislabs/ratify/pkg/referrerstore/oras/authprovider/k8secret_authprovider.go:174.18,176.5 1 0
github.com/deislabs/ratify/pkg/referrerstore/oras/authprovider/k8secret_authprovider.go:183.118,186.45 3 1
github.com/deislabs/ratify/pkg/referrerstore/oras/authprovider/k8secret_authprovider.go:196.2,197.13 2 1
github.com/deislabs/ratify/pkg/referrerstore/oras/authprovider/k8secret_authprovider.go:201.2,202.16 2 1
github.com/deislabs/ratify/pkg/referrerstore/oras/authprovider/k8secret_authprovider.go:206.2,207.12 2 1
github.com/deislabs/ratify/pkg/referrerstore/oras/authprovider/k8secret_authprovider.go:211.2,216.8 1 1
github.com/deislabs/ratify/pkg/referrerstore/oras/authprovider/k8secret_authprovider.go:186.45,190.3 2 1
github.com/deislabs/ratify/pkg/referrerstore/oras/authprovider/k8secret_authprovider.go:190.8,194.3 2 1
github.com/deislabs/ratify/pkg/referrerstore/oras/authprovider/k8secret_authprovider.go:197.13,199.3 1 0
github.com/deislabs/ratify/pkg/referrerstore/oras/authprovider/k8secret_authprovider.go:202.16,204.3 1 0
github.com/deislabs/ratify/pkg/referrerstore/oras/authprovider/k8secret_authprovider.go:207.12,209.3 1 1
github.com/deislabs/ratify/pkg/referrerstore/oras/authprovider/authprovider.go:64.13,66.2 1 1
github.com/deislabs/ratify/pkg/referrerstore/oras/authprovider/authprovider.go:70.102,71.31 1 1
github.com/deislabs/ratify/pkg/referrerstore/oras/authprovider/authprovider.go:75.2,77.16 3 0
github.com/deislabs/ratify/pkg/referrerstore/oras/authprovider/authprovider.go:81.2,81.71 1 0
github.com/deislabs/ratify/pkg/referrerstore/oras/authprovider/authprovider.go:85.2,87.8 1 0
github.com/deislabs/ratify/pkg/referrerstore/oras/authprovider/authprovider.go:71.31,73.3 1 1
github.com/deislabs/ratify/pkg/referrerstore/oras/authprovider/authprovider.go:77.16,79.3 1 0
github.com/deislabs/ratify/pkg/referrerstore/oras/authprovider/authprovider.go:81.71,83.3 1 0
github.com/deislabs/ratify/pkg/referrerstore/oras/authprovider/authprovider.go:91.65,93.2 1 0
github.com/deislabs/ratify/pkg/referrerstore/oras/authprovider/authprovider.go:96.97,99.24 2 1
github.com/deislabs/ratify/pkg/referrerstore/oras/authprovider/authprovider.go:121.2,122.16 2 1
github.com/deislabs/ratify/pkg/referrerstore/oras/authprovider/authprovider.go:126.2,133.24 3 1
github.com/deislabs/ratify/pkg/referrerstore/oras/authprovider/authprovider.go:99.24,102.17 3 0
github.com/deislabs/ratify/pkg/referrerstore/oras/authprovider/authprovider.go:102.17,104.4 1 0
github.com/deislabs/ratify/pkg/referrerstore/oras/authprovider/authprovider.go:105.8,107.50 2 1
github.com/deislabs/ratify/pkg/referrerstore/oras/authprovider/authprovider.go:107.50,109.18 2 1
github.com/deislabs/ratify/pkg/referrerstore/oras/authprovider/authprovider.go:112.4,113.51 2 1
github.com/deislabs/ratify/pkg/referrerstore/oras/authprovider/authprovider.go:109.18,111.5 1 0
github.com/deislabs/ratify/pkg/referrerstore/oras/authprovider/authprovider.go:113.51,115.5 1 0
github.com/deislabs/ratify/pkg/referrerstore/oras/authprovider/authprovider.go:116.9,118.4 1 0
github.com/deislabs/ratify/pkg/referrerstore/oras/authprovider/authprovider.go:122.16,124.3 1 0
github.com/deislabs/ratify/pkg/referrerstore/oras/authprovider/authprovider.go:136.59,137.39 1 1
github.com/deislabs/ratify/pkg/referrerstore/oras/authprovider/authprovider.go:141.2,142.16 2 1
github.com/deislabs/ratify/pkg/referrerstore/oras/authprovider/authprovider.go:146.2,146.25 1 1
github.com/deislabs/ratify/pkg/referrerstore/oras/authprovider/authprovider.go:150.2,150.18 1 1
github.com/deislabs/ratify/pkg/referrerstore/oras/authprovider/authprovider.go:154.2,154.20 1 1
github.com/deislabs/ratify/pkg/referrerstore/oras/authprovider/authprovider.go:137.39,139.3 1 0
github.com/deislabs/ratify/pkg/referrerstore/oras/authprovider/authprovider.go:142.16,144.3 1 0
github.com/deislabs/ratify/pkg/referrerstore/oras/authprovider/authprovider.go:146.25,148.3 1 0
github.com/deislabs/ratify/pkg/referrerstore/oras/authprovider/authprovider.go:150.18,152.3 1 0
github.com/deislabs/ratify/pkg/referrerstore/oras/authprovider/aws/awsecrbasic.go:48.13,50.2 1 1
github.com/deislabs/ratify/pkg/referrerstore/oras/authprovider/aws/awsecrbasic.go:53.46,59.58 4 0
github.com/deislabs/ratify/pkg/referrerstore/oras/authprovider/aws/awsecrbasic.go:63.2,66.94 2 0
github.com/deislabs/ratify/pkg/referrerstore/oras/authprovider/aws/awsecrbasic.go:69.2,69.16 1 0
github.com/deislabs/ratify/pkg/referrerstore/oras/authprovider/aws/awsecrbasic.go:73.2,75.16 3 0
github.com/deislabs/ratify/pkg/referrerstore/oras/authprovider/aws/awsecrbasic.go:79.2,79.69 1 0
github.com/deislabs/ratify/pkg/referrerstore/oras/authprovider/aws/awsecrbasic.go:59.58,61.3 1 0
github.com/deislabs/ratify/pkg/referrerstore/oras/authprovider/aws/awsecrbasic.go:66.94,68.4 1 0
github.com/deislabs/ratify/pkg/referrerstore/oras/authprovider/aws/awsecrbasic.go:69.16,71.3 1 0
github.com/deislabs/ratify/pkg/referrerstore/oras/authprovider/aws/awsecrbasic.go:75.16,77.3 1 0
github.com/deislabs/ratify/pkg/referrerstore/oras/authprovider/aws/awsecrbasic.go:83.124,86.16 3 0
github.com/deislabs/ratify/pkg/referrerstore/oras/authprovider/aws/awsecrbasic.go:90.2,90.71 1 0
github.com/deislabs/ratify/pkg/referrerstore/oras/authprovider/aws/awsecrbasic.go:95.2,96.16 2 0
github.com/deislabs/ratify/pkg/referrerstore/oras/authprovider/aws/awsecrbasic.go:100.2,103.8 1 0
github.com/deislabs/ratify/pkg/referrerstore/oras/authprovider/aws/awsecrbasic.go:86.16,88.3 1 0
github.com/deislabs/ratify/pkg/referrerstore/oras/authprovider/aws/awsecrbasic.go:90.71,92.3 1 0
github.com/deislabs/ratify/pkg/referrerstore/oras/authprovider/aws/awsecrbasic.go:96.16,98.3 1 0
github.com/deislabs/ratify/pkg/referrerstore/oras/authprovider/aws/awsecrbasic.go:107.69,109.32 2 1
github.com/deislabs/ratify/pkg/referrerstore/oras/authprovider/aws/awsecrbasic.go:114.2,114.20 1 1
github.com/deislabs/ratify/pkg/referrerstore/oras/authprovider/aws/awsecrbasic.go:119.2,119.38 1 1
github.com/deislabs/ratify/pkg/referrerstore/oras/authprovider/aws/awsecrbasic.go:124.2,124.26 1 1
github.com/deislabs/ratify/pkg/referrerstore/oras/authprovider/aws/awsecrbasic.go:129.2,129.46 1 1
github.com/deislabs/ratify/pkg/referrerstore/oras/authprovider/aws/awsecrbasic.go:134.2,134.13 1 1
github.com/deislabs/ratify/pkg/referrerstore/oras/authprovider/aws/awsecrbasic.go:109.32,112.3 2 0
github.com/deislabs/ratify/pkg/referrerstore/oras/authprovider/aws/awsecrbasic.go:114.20,117.3 2 1
github.com/deislabs/ratify/pkg/referrerstore/oras/authprovider/aws/awsecrbasic.go:119.38,122.3 2 0
github.com/deislabs/ratify/pkg/referrerstore/oras/authprovider/aws/awsecrbasic.go:124.26,127.3 2 1
github.com/deislabs/ratify/pkg/referrerstore/oras/authprovider/aws/awsecrbasic.go:129.46,132.3 2 1
github.com/deislabs/ratify/pkg/referrerstore/oras/authprovider/aws/awsecrbasic.go:139.110,140.21 1 0
github.com/deislabs/ratify/pkg/referrerstore/oras/authprovider/aws/awsecrbasic.go:145.2,146.83 2 0
github.com/deislabs/ratify/pkg/referrerstore/oras/authprovider/aws/awsecrbasic.go:156.2,157.16 2 0
github.com/deislabs/ratify/pkg/referrerstore/oras/authprovider/aws/awsecrbasic.go:161.2,168.24 2 0
github.com/deislabs/ratify/pkg/referrerstore/oras/authprovider/aws/awsecrbasic.go:140.21,142.3 1 0
github.com/deislabs/ratify/pkg/referrerstore/oras/authprovider/aws/awsecrbasic.go:146.83,148.17 2 0
github.com/deislabs/ratify/pkg/referrerstore/oras/authprovider/aws/awsecrbasic.go:151.3,152.55 2 0
github.com/deislabs/ratify/pkg/referrerstore/oras/authprovider/aws/awsecrbasic.go:148.17,150.4 1 0
github.com/deislabs/ratify/pkg/referrerstore/oras/authprovider/aws/awsecrbasic.go:157.16,159.3 1 0
github.com/deislabs/ratify/pkg/referrerstore/oras/authprovider/aws/ecrauthtypes.go:32.42,34.2 1 0
github.com/deislabs/ratify/pkg/referrerstore/oras/authprovider/aws/ecrauthtypes.go:37.46,39.2 1 0
github.com/deislabs/ratify/pkg/referrerstore/oras/authprovider/aws/ecrauthtypes.go:42.58,44.16 2 1
github.com/deislabs/ratify/pkg/referrerstore/oras/authprovider/aws/ecrauthtypes.go:48.2,50.30 2 1
github.com/deislabs/ratify/pkg/referrerstore/oras/authprovider/aws/ecrauthtypes.go:44.16,46.3 1 0
github.com/deislabs/ratify/controllers/verifier_controller.go:51.100,57.66 3 0
github.com/deislabs/ratify/controllers/verifier_controller.go:65.2,74.16 7 0
github.com/deislabs/ratify/controllers/verifier_controller.go:79.2,79.28 1 0
github.com/deislabs/ratify/controllers/verifier_controller.go:91.2,91.27 1 0
github.com/deislabs/ratify/controllers/verifier_controller.go:57.66,63.3 2 0
github.com/deislabs/ratify/controllers/verifier_controller.go:74.16,77.3 1 0
github.com/deislabs/ratify/controllers/verifier_controller.go:79.28,80.28 1 0
github.com/deislabs/ratify/controllers/verifier_controller.go:81.15,83.60 2 0
github.com/deislabs/ratify/controllers/verifier_controller.go:84.16,85.79 1 0
github.com/deislabs/ratify/controllers/verifier_controller.go:86.11,87.89 1 0
github.com/deislabs/ratify/controllers/verifier_controller.go:95.71,99.2 1 0
github.com/deislabs/ratify/pkg/referrerstore/plugin/args.go:35.59,48.2 4 1
github.com/deislabs/ratify/pkg/referrerstore/plugin/plugin.go:43.128,45.9 2 0
github.com/deislabs/ratify/pkg/referrerstore/plugin/plugin.go:49.2,55.8 1 0
github.com/deislabs/ratify/pkg/referrerstore/plugin/plugin.go:45.9,47.3 1 0
github.com/deislabs/ratify/pkg/referrerstore/plugin/plugin.go:58.220,60.16 2 1
github.com/deislabs/ratify/pkg/referrerstore/plugin/plugin.go:64.2,77.16 4 1
github.com/deislabs/ratify/pkg/referrerstore/plugin/plugin.go:82.2,83.16 2 1
github.com/deislabs/ratify/pkg/referrerstore/plugin/plugin.go:87.2,88.16 2 1
github.com/deislabs/ratify/pkg/referrerstore/plugin/plugin.go:92.2,92.24 1 1
github.com/deislabs/ratify/pkg/referrerstore/plugin/plugin.go:60.16,62.3 1 0
github.com/deislabs/ratify/pkg/referrerstore/plugin/plugin.go:77.16,79.3 1 0
github.com/deislabs/ratify/pkg/referrerstore/plugin/plugin.go:83.16,85.3 1 0
github.com/deislabs/ratify/pkg/referrerstore/plugin/plugin.go:88.16,90.3 1 0
github.com/deislabs/ratify/pkg/referrerstore/plugin/plugin.go:95.38,97.2 1 0
github.com/deislabs/ratify/pkg/referrerstore/plugin/plugin.go:99.133,101.16 2 1
github.com/deislabs/ratify/pkg/referrerstore/plugin/plugin.go:105.2,117.16 4 1
github.com/deislabs/ratify/pkg/referrerstore/plugin/plugin.go:121.2,122.16 2 1
github.com/deislabs/ratify/pkg/referrerstore/plugin/plugin.go:126.2,126.25 1 1
github.com/deislabs/ratify/pkg/referrerstore/plugin/plugin.go:101.16,103.3 1 0
github.com/deislabs/ratify/pkg/referrerstore/plugin/plugin.go:117.16,119.3 1 0
github.com/deislabs/ratify/pkg/referrerstore/plugin/plugin.go:122.16,124.3 1 0
github.com/deislabs/ratify/pkg/referrerstore/plugin/plugin.go:129.181,131.16 2 1
github.com/deislabs/ratify/pkg/referrerstore/plugin/plugin.go:135.2,147.16 4 1
github.com/deislabs/ratify/pkg/referrerstore/plugin/plugin.go:152.2,153.16 2 1
github.com/deislabs/ratify/pkg/referrerstore/plugin/plugin.go:157.2,158.16 2 1
github.com/deislabs/ratify/pkg/referrerstore/plugin/plugin.go:162.2,162.22 1 1
github.com/deislabs/ratify/pkg/referrerstore/plugin/plugin.go:131.16,133.3 1 0
github.com/deislabs/ratify/pkg/referrerstore/plugin/plugin.go:147.16,149.3 1 0
github.com/deislabs/ratify/pkg/referrerstore/plugin/plugin.go:153.16,155.3 1 0
github.com/deislabs/ratify/pkg/referrerstore/plugin/plugin.go:158.16,160.3 1 0
github.com/deislabs/ratify/pkg/referrerstore/plugin/plugin.go:165.138,167.16 2 1
github.com/deislabs/ratify/pkg/referrerstore/plugin/plugin.go:171.2,179.16 3 1
github.com/deislabs/ratify/pkg/referrerstore/plugin/plugin.go:184.2,185.16 2 1
github.com/deislabs/ratify/pkg/referrerstore/plugin/plugin.go:189.2,190.16 2 1
github.com/deislabs/ratify/pkg/referrerstore/plugin/plugin.go:194.2,194.18 1 1
github.com/deislabs/ratify/pkg/referrerstore/plugin/plugin.go:167.16,169.3 1 0
github.com/deislabs/ratify/pkg/referrerstore/plugin/plugin.go:179.16,181.3 1 0
github.com/deislabs/ratify/pkg/referrerstore/plugin/plugin.go:185.16,187.3 1 0
github.com/deislabs/ratify/pkg/referrerstore/plugin/plugin.go:190.16,192.3 1 0
github.com/deislabs/ratify/pkg/referrerstore/plugin/plugin.go:197.56,203.2 1 0
github.com/deislabs/ratify/pkg/referrerstore/plugin/skel/skel.go:59.197,65.123 1 0
github.com/deislabs/ratify/pkg/referrerstore/plugin/skel/skel.go:65.123,66.35 1 0
github.com/deislabs/ratify/pkg/referrerstore/plugin/skel/skel.go:69.3,69.13 1 0
github.com/deislabs/ratify/pkg/referrerstore/plugin/skel/skel.go:66.35,68.4 1 0
github.com/deislabs/ratify/pkg/referrerstore/plugin/skel/skel.go:73.229,75.16 2 1
github.com/deislabs/ratify/pkg/referrerstore/plugin/skel/skel.go:79.2,79.75 1 1
github.com/deislabs/ratify/pkg/referrerstore/plugin/skel/skel.go:83.2,83.57 1 1
github.com/deislabs/ratify/pkg/referrerstore/plugin/skel/skel.go:87.2,87.13 1 1
github.com/deislabs/ratify/pkg/referrerstore/plugin/skel/skel.go:75.16,77.3 1 1
github.com/deislabs/ratify/pkg/referrerstore/plugin/skel/skel.go:79.75,81.3 1 1
github.com/deislabs/ratify/pkg/referrerstore/plugin/skel/skel.go:83.57,85.3 1 1
github.com/deislabs/ratify/pkg/referrerstore/plugin/skel/skel.go:88.31,89.52 1 1
github.com/deislabs/ratify/pkg/referrerstore/plugin/skel/skel.go:90.32,91.47 1 1
github.com/deislabs/ratify/pkg/referrerstore/plugin/skel/skel.go:92.32,93.54 1 1
github.com/deislabs/ratify/pkg/referrerstore/plugin/skel/skel.go:94.31,95.56 1 1
github.com/deislabs/ratify/pkg/referrerstore/plugin/skel/skel.go:96.10,97.108 1 1
github.com/deislabs/ratify/pkg/referrerstore/plugin/skel/skel.go:101.95,104.16 2 1
github.com/deislabs/ratify/pkg/referrerstore/plugin/skel/skel.go:108.2,109.33 2 1
github.com/deislabs/ratify/pkg/referrerstore/plugin/skel/skel.go:120.2,122.16 2 1
github.com/deislabs/ratify/pkg/referrerstore/plugin/skel/skel.go:126.2,127.16 2 1
github.com/deislabs/ratify/pkg/referrerstore/plugin/skel/skel.go:131.2,131.12 1 1
github.com/deislabs/ratify/pkg/referrerstore/plugin/skel/skel.go:104.16,106.3 1 0
github.com/deislabs/ratify/pkg/referrerstore/plugin/skel/skel.go:109.33,110.17 1 1
github.com/deislabs/ratify/pkg/referrerstore/plugin/skel/skel.go:111.20,112.22 1 1
github.com/deislabs/ratify/pkg/referrerstore/plugin/skel/skel.go:113.24,114.25 1 1
github.com/deislabs/ratify/pkg/referrerstore/plugin/skel/skel.go:115.11,116.99 1 1
github.com/deislabs/ratify/pkg/referrerstore/plugin/skel/skel.go:122.16,124.3 1 0
github.com/deislabs/ratify/pkg/referrerstore/plugin/skel/skel.go:127.16,129.3 1 0
github.com/deislabs/ratify/pkg/referrerstore/plugin/skel/skel.go:134.90,137.16 2 1
github.com/deislabs/ratify/pkg/referrerstore/plugin/skel/skel.go:141.2,142.33 2 1
github.com/deislabs/ratify/pkg/referrerstore/plugin/skel/skel.go:151.2,152.16 2 1
github.com/deislabs/ratify/pkg/referrerstore/plugin/skel/skel.go:156.2,158.16 2 1
github.com/deislabs/ratify/pkg/referrerstore/plugin/skel/skel.go:162.2,163.16 2 1
github.com/deislabs/ratify/pkg/referrerstore/plugin/skel/skel.go:167.2,167.12 1 1
github.com/deislabs/ratify/pkg/referrerstore/plugin/skel/skel.go:137.16,139.3 1 0
github.com/deislabs/ratify/pkg/referrerstore/plugin/skel/skel.go:142.33,143.17 1 1
github.com/deislabs/ratify/pkg/referrerstore/plugin/skel/skel.go:144.17,145.22 1 1
github.com/deislabs/ratify/pkg/referrerstore/plugin/skel/skel.go:146.11,147.99 1 1
github.com/deislabs/ratify/pkg/referrerstore/plugin/skel/skel.go:152.16,154.3 1 1
github.com/deislabs/ratify/pkg/referrerstore/plugin/skel/skel.go:158.16,160.3 1 1
github.com/deislabs/ratify/pkg/referrerstore/plugin/skel/skel.go:163.16,165.3 1 0
github.com/deislabs/ratify/pkg/referrerstore/plugin/skel/skel.go:171.103,174.16 2 1
github.com/deislabs/ratify/pkg/referrerstore/plugin/skel/skel.go:178.2,179.33 2 1
github.com/deislabs/ratify/pkg/referrerstore/plugin/skel/skel.go:188.2,189.16 2 1
github.com/deislabs/ratify/pkg/referrerstore/plugin/skel/skel.go:193.2,195.16 2 1
github.com/deislabs/ratify/pkg/referrerstore/plugin/skel/skel.go:199.2,200.16 2 1
github.com/deislabs/ratify/pkg/referrerstore/plugin/skel/skel.go:204.2,204.12 1 1
github.com/deislabs/ratify/pkg/referrerstore/plugin/skel/skel.go:174.16,176.3 1 0
github.com/deislabs/ratify/pkg/referrerstore/plugin/skel/skel.go:179.33,180.17 1 1
github.com/deislabs/ratify/pkg/referrerstore/plugin/skel/skel.go:181.17,182.22 1 1
github.com/deislabs/ratify/pkg/referrerstore/plugin/skel/skel.go:183.11,184.99 1 0
github.com/deislabs/ratify/pkg/referrerstore/plugin/skel/skel.go:189.16,191.3 1 0
github.com/deislabs/ratify/pkg/referrerstore/plugin/skel/skel.go:195.16,197.3 1 0
github.com/deislabs/ratify/pkg/referrerstore/plugin/skel/skel.go:200.16,202.3 1 0
github.com/deislabs/ratify/pkg/referrerstore/plugin/skel/skel.go:207.109,210.16 2 1
github.com/deislabs/ratify/pkg/referrerstore/plugin/skel/skel.go:214.2,214.16 1 1
github.com/deislabs/ratify/pkg/referrerstore/plugin/skel/skel.go:218.2,219.16 2 1
github.com/deislabs/ratify/pkg/referrerstore/plugin/skel/skel.go:223.2,223.12 1 1
github.com/deislabs/ratify/pkg/referrerstore/plugin/skel/skel.go:210.16,212.3 1 0
github.com/deislabs/ratify/pkg/referrerstore/plugin/skel/skel.go:214.16,216.3 1 0
github.com/deislabs/ratify/pkg/referrerstore/plugin/skel/skel.go:219.16,221.3 1 0
github.com/deislabs/ratify/pkg/referrerstore/plugin/skel/skel.go:226.74,231.15 3 1
github.com/deislabs/ratify/pkg/referrerstore/plugin/skel/skel.go:236.2,237.19 2 1
github.com/deislabs/ratify/pkg/referrerstore/plugin/skel/skel.go:242.2,243.19 2 1
github.com/deislabs/ratify/pkg/referrerstore/plugin/skel/skel.go:248.2,249.50 2 1
github.com/deislabs/ratify/pkg/referrerstore/plugin/skel/skel.go:253.2,253.26 1 1
github.com/deislabs/ratify/pkg/referrerstore/plugin/skel/skel.go:258.2,259.16 2 1
github.com/deislabs/ratify/pkg/referrerstore/plugin/skel/skel.go:263.2,264.16 2 1
github.com/deislabs/ratify/pkg/referrerstore/plugin/skel/skel.go:268.2,276.26 2 1
github.com/deislabs/ratify/pkg/referrerstore/plugin/skel/skel.go:231.15,233.3 1 0
github.com/deislabs/ratify/pkg/referrerstore/plugin/skel/skel.go:237.19,239.3 1 1
github.com/deislabs/ratify/pkg/referrerstore/plugin/skel/skel.go:243.19,245.3 1 0
github.com/deislabs/ratify/pkg/referrerstore/plugin/skel/skel.go:249.50,251.3 1 0
github.com/deislabs/ratify/pkg/referrerstore/plugin/skel/skel.go:253.26,256.3 2 1
github.com/deislabs/ratify/pkg/referrerstore/plugin/skel/skel.go:259.16,261.3 1 0
github.com/deislabs/ratify/pkg/referrerstore/plugin/skel/skel.go:264.16,266.3 1 1
github.com/deislabs/ratify/pkg/referrerstore/plugin/skel/skel.go:279.80,280.38 1 1
github.com/deislabs/ratify/pkg/referrerstore/plugin/skel/skel.go:287.2,287.117 1 1
github.com/deislabs/ratify/pkg/referrerstore/plugin/skel/skel.go:280.38,282.19 1 1
github.com/deislabs/ratify/pkg/referrerstore/plugin/skel/skel.go:282.19,284.4 1 1
github.com/deislabs/ratify/pkg/referrerstore/plugin/skel/skel.go:290.53,295.57 2 1
github.com/deislabs/ratify/pkg/referrerstore/plugin/skel/skel.go:298.2,298.21 1 1
github.com/deislabs/ratify/pkg/referrerstore/plugin/skel/skel.go:301.2,301.12 1 1
github.com/deislabs/ratify/pkg/referrerstore/plugin/skel/skel.go:295.57,297.3 1 1
github.com/deislabs/ratify/pkg/referrerstore/plugin/skel/skel.go:298.21,300.3 1 1
github.com/deislabs/ratify/pkg/referrerstore/oras/authprovider/azure/azureworkloadidentity.go:50.13,52.2 1 1
github.com/deislabs/ratify/pkg/referrerstore/oras/authprovider/azure/azureworkloadidentity.go:55.120,58.16 3 1
github.com/deislabs/ratify/pkg/referrerstore/oras/authprovider/azure/azureworkloadidentity.go:62.2,62.71 1 1
github.com/deislabs/ratify/pkg/referrerstore/oras/authprovider/azure/azureworkloadidentity.go:66.2,67.18 2 1
github.com/deislabs/ratify/pkg/referrerstore/oras/authprovider/azure/azureworkloadidentity.go:71.2,72.16 2 1
github.com/deislabs/ratify/pkg/referrerstore/oras/authprovider/azure/azureworkloadidentity.go:76.2,79.8 1 0
github.com/deislabs/ratify/pkg/referrerstore/oras/authprovider/azure/azureworkloadidentity.go:58.16,60.3 1 0
github.com/deislabs/ratify/pkg/referrerstore/oras/authprovider/azure/azureworkloadidentity.go:62.71,64.3 1 0
github.com/deislabs/ratify/pkg/referrerstore/oras/authprovider/azure/azureworkloadidentity.go:67.18,69.3 1 1
github.com/deislabs/ratify/pkg/referrerstore/oras/authprovider/azure/azureworkloadidentity.go:72.16,74.3 1 1
github.com/deislabs/ratify/pkg/referrerstore/oras/authprovider/azure/azureworkloadidentity.go:83.65,84.22 1 1
github.com/deislabs/ratify/pkg/referrerstore/oras/authprovider/azure/azureworkloadidentity.go:88.2,88.34 1 1
github.com/deislabs/ratify/pkg/referrerstore/oras/authprovider/azure/azureworkloadidentity.go:92.2,92.13 1 1
github.com/deislabs/ratify/pkg/referrerstore/oras/authprovider/azure/azureworkloadidentity.go:84.22,86.3 1 1
github.com/deislabs/ratify/pkg/referrerstore/oras/authprovider/azure/azureworkloadidentity.go:88.34,90.3 1 0
github.com/deislabs/ratify/pkg/referrerstore/oras/authprovider/azure/azureworkloadidentity.go:98.106,99.21 1 0
github.com/deislabs/ratify/pkg/referrerstore/oras/authprovider/azure/azureworkloadidentity.go:103.2,104.16 2 0
github.com/deislabs/ratify/pkg/referrerstore/oras/authprovider/azure/azureworkloadidentity.go:109.2,109.44 1 0
github.com/deislabs/ratify/pkg/referrerstore/oras/authprovider/azure/azureworkloadidentity.go:119.2,124.16 4 0
github.com/deislabs/ratify/pkg/referrerstore/oras/authprovider/azure/azureworkloadidentity.go:128.2,135.24 2 0
github.com/deislabs/ratify/pkg/referrerstore/oras/authprovider/azure/azureworkloadidentity.go:99.21,101.3 1 0
github.com/deislabs/ratify/pkg/referrerstore/oras/authprovider/azure/azureworkloadidentity.go:104.16,106.3 1 0
github.com/deislabs/ratify/pkg/referrerstore/oras/authprovider/azure/azureworkloadidentity.go:109.44,111.17 2 0
github.com/deislabs/ratify/pkg/referrerstore/oras/authprovider/azure/azureworkloadidentity.go:114.3,115.49 2 0
github.com/deislabs/ratify/pkg/referrerstore/oras/authprovider/azure/azureworkloadidentity.go:111.17,113.4 1 0
github.com/deislabs/ratify/pkg/referrerstore/oras/authprovider/azure/azureworkloadidentity.go:124.16,126.3 1 0
github.com/deislabs/ratify/pkg/referrerstore/oras/authprovider/azure/azureworkloadidentity.go:139.95,149.62 4 1
github.com/deislabs/ratify/pkg/referrerstore/oras/authprovider/azure/azureworkloadidentity.go:154.2,155.16 2 0
github.com/deislabs/ratify/pkg/referrerstore/oras/authprovider/azure/azureworkloadidentity.go:158.2,159.16 2 0
github.com/deislabs/ratify/pkg/referrerstore/oras/authprovider/azure/azureworkloadidentity.go:164.2,168.16 2 0
github.com/deislabs/ratify/pkg/referrerstore/oras/authprovider/azure/azureworkloadidentity.go:172.2,173.16 2 0
github.com/deislabs/ratify/pkg/referrerstore/oras/authprovider/azure/azureworkloadidentity.go:177.2,177.20 1 0
github.com/deislabs/ratify/pkg/referrerstore/oras/authprovider/azure/azureworkloadidentity.go:149.62,151.3 1 1
github.com/deislabs/ratify/pkg/referrerstore/oras/authprovider/azure/azureworkloadidentity.go:155.16,157.3 1 0
github.com/deislabs/ratify/pkg/referrerstore/oras/authprovider/azure/azureworkloadidentity.go:159.16,161.3 1 0
github.com/deislabs/ratify/pkg/referrerstore/oras/authprovider/azure/azureworkloadidentity.go:168.16,170.3 1 0
github.com/deislabs/ratify/pkg/referrerstore/oras/authprovider/azure/azureworkloadidentity.go:173.16,175.3 1 0
github.com/deislabs/ratify/pkg/referrerstore/oras/authprovider/azure/azureworkloadidentity.go:182.58,184.16 2 0
github.com/deislabs/ratify/pkg/referrerstore/oras/authprovider/azure/azureworkloadidentity.go:187.2,187.27 1 0
github.com/deislabs/ratify/pkg/referrerstore/oras/authprovider/azure/azureworkloadidentity.go:184.16,186.3 1 0
github.com/deislabs/ratify/pkg/referrerstore/utils/utils.go:28.153,29.40 1 1
github.com/deislabs/ratify/pkg/referrerstore/utils/utils.go:37.2,37.86 1 1
github.com/deislabs/ratify/pkg/referrerstore/utils/utils.go:29.40,31.17 2 1
github.com/deislabs/ratify/pkg/referrerstore/utils/utils.go:34.3,34.116 1 1
github.com/deislabs/ratify/pkg/referrerstore/utils/utils.go:31.17,33.4 1 1
github.com/deislabs/ratify/pkg/verifier/factory/factory.go:36.53,37.20 1 0
github.com/deislabs/ratify/pkg/verifier/factory/factory.go:40.2,41.16 2 0
github.com/deislabs/ratify/pkg/verifier/factory/factory.go:45.2,45.34 1 0
github.com/deislabs/ratify/pkg/verifier/factory/factory.go:37.20,38.41 1 0
github.com/deislabs/ratify/pkg/verifier/factory/factory.go:41.16,42.75 1 0
github.com/deislabs/ratify/pkg/verifier/factory/factory.go:49.136,50.35 1 1
github.com/deislabs/ratify/pkg/verifier/factory/factory.go:54.2,55.16 2 1
github.com/deislabs/ratify/pkg/verifier/factory/factory.go:59.2,59.41 1 1
github.com/deislabs/ratify/pkg/verifier/factory/factory.go:63.2,65.45 2 1
github.com/deislabs/ratify/pkg/verifier/factory/factory.go:68.2,68.59 1 1
github.com/deislabs/ratify/pkg/verifier/factory/factory.go:100.2,100.23 1 1
github.com/deislabs/ratify/pkg/verifier/factory/factory.go:50.35,52.3 1 1
github.com/deislabs/ratify/pkg/verifier/factory/factory.go:55.16,57.3 1 0
github.com/deislabs/ratify/pkg/verifier/factory/factory.go:59.41,61.3 1 0
github.com/deislabs/ratify/pkg/verifier/factory/factory.go:65.45,67.3 1 1
github.com/deislabs/ratify/pkg/verifier/factory/factory.go:68.59,70.10 2 1
github.com/deislabs/ratify/pkg/verifier/factory/factory.go:74.3,75.62 2 1
github.com/deislabs/ratify/pkg/verifier/factory/factory.go:79.3,80.9 2 1
github.com/deislabs/ratify/pkg/verifier/factory/factory.go:70.10,72.4 1 0
github.com/deislabs/ratify/pkg/verifier/factory/factory.go:75.62,77.4 1 0
github.com/deislabs/ratify/pkg/verifier/factory/factory.go:80.9,83.18 2 1
github.com/deislabs/ratify/pkg/verifier/factory/factory.go:87.4,87.43 1 1
github.com/deislabs/ratify/pkg/verifier/factory/factory.go:83.18,85.5 1 0
github.com/deislabs/ratify/pkg/verifier/factory/factory.go:88.9,91.18 2 1
github.com/deislabs/ratify/pkg/verifier/factory/factory.go:95.4,95.43 1 1
github.com/deislabs/ratify/pkg/verifier/factory/factory.go:91.18,93.5 1 0
github.com/deislabs/ratify/pkg/verifier/factory/factory.go:103.77,108.2 1 1
github.com/deislabs/ratify/pkg/utils/certificateUtils.go:34.72,40.82 4 1
github.com/deislabs/ratify/pkg/utils/certificateUtils.go:80.2,80.16 1 1
github.com/deislabs/ratify/pkg/utils/certificateUtils.go:84.2,85.19 2 1
github.com/deislabs/ratify/pkg/utils/certificateUtils.go:40.82,45.32 3 1
github.com/deislabs/ratify/pkg/utils/certificateUtils.go:52.3,52.27 1 1
github.com/deislabs/ratify/pkg/utils/certificateUtils.go:68.3,68.90 1 1
github.com/deislabs/ratify/pkg/utils/certificateUtils.go:77.3,77.13 1 1
github.com/deislabs/ratify/pkg/utils/certificateUtils.go:45.32,48.4 2 1
github.com/deislabs/ratify/pkg/utils/certificateUtils.go:52.27,54.46 2 1
github.com/deislabs/ratify/pkg/utils/certificateUtils.go:59.4,61.18 2 1
github.com/deislabs/ratify/pkg/utils/certificateUtils.go:54.46,57.5 2 0
github.com/deislabs/ratify/pkg/utils/certificateUtils.go:61.18,64.5 2 0
github.com/deislabs/ratify/pkg/utils/certificateUtils.go:68.90,69.45 1 1
github.com/deislabs/ratify/pkg/utils/certificateUtils.go:69.45,71.19 2 1
github.com/deislabs/ratify/pkg/utils/certificateUtils.go:71.19,73.6 1 0
github.com/deislabs/ratify/pkg/utils/certificateUtils.go:80.16,82.3 1 0
github.com/deislabs/ratify/pkg/utils/certificateUtils.go:88.44,90.2 1 1
github.com/deislabs/ratify/pkg/utils/certificateUtils.go:92.145,94.22 2 1
github.com/deislabs/ratify/pkg/utils/certificateUtils.go:97.2,97.17 1 1
github.com/deislabs/ratify/pkg/utils/certificateUtils.go:102.2,102.25 1 1
github.com/deislabs/ratify/pkg/utils/certificateUtils.go:94.22,96.3 1 0
github.com/deislabs/ratify/pkg/utils/certificateUtils.go:97.17,100.3 2 1
github.com/deislabs/ratify/pkg/utils/certificateUtils.go:107.46,109.45 2 1
github.com/deislabs/ratify/pkg/utils/certificateUtils.go:117.2,117.13 1 1
github.com/deislabs/ratify/pkg/utils/certificateUtils.go:109.45,111.20 2 1
github.com/deislabs/ratify/pkg/utils/certificateUtils.go:111.20,113.4 1 1
github.com/deislabs/ratify/pkg/utils/certificateUtils.go:113.9,115.4 1 0
github.com/deislabs/ratify/pkg/utils/utils.go:29.59,32.16 2 1
github.com/deislabs/ratify/pkg/utils/utils.go:36.2,36.20 1 1
github.com/deislabs/ratify/pkg/utils/utils.go:32.16,34.3 1 1
github.com/deislabs/ratify/pkg/utils/utils.go:40.69,42.16 2 1
github.com/deislabs/ratify/pkg/utils/utils.go:46.2,48.52 2 1
github.com/deislabs/ratify/pkg/utils/utils.go:54.2,54.58 1 1
github.com/deislabs/ratify/pkg/utils/utils.go:58.2,58.51 1 1
github.com/deislabs/ratify/pkg/utils/utils.go:62.2,64.24 2 1
github.com/deislabs/ratify/pkg/utils/utils.go:42.16,44.3 1 1
github.com/deislabs/ratify/pkg/utils/utils.go:48.52,50.3 1 1
github.com/deislabs/ratify/pkg/utils/utils.go:50.8,52.3 1 0
github.com/deislabs/ratify/pkg/utils/utils.go:54.58,56.3 1 1
github.com/deislabs/ratify/pkg/utils/utils.go:58.51,60.3 1 1
github.com/deislabs/ratify/pkg/verifier/plugin/args.go:34.54,43.2 3 1
github.com/deislabs/ratify/pkg/verifier/plugin/plugin.go:48.130,50.9 2 1
github.com/deislabs/ratify/pkg/verifier/plugin/plugin.go:54.2,55.58 2 1
github.com/deislabs/ratify/pkg/verifier/plugin/plugin.go:59.2,60.55 2 1
github.com/deislabs/ratify/pkg/verifier/plugin/plugin.go:64.2,64.29 1 1
github.com/deislabs/ratify/pkg/verifier/plugin/plugin.go:68.2,76.8 1 1
github.com/deislabs/ratify/pkg/verifier/plugin/plugin.go:50.9,52.3 1 0
github.com/deislabs/ratify/pkg/verifier/plugin/plugin.go:55.58,57.3 1 1
github.com/deislabs/ratify/pkg/verifier/plugin/plugin.go:60.55,62.3 1 1
github.com/deislabs/ratify/pkg/verifier/plugin/plugin.go:64.29,66.3 1 0
github.com/deislabs/ratify/pkg/verifier/plugin/plugin.go:79.113,80.38 1 0
github.com/deislabs/ratify/pkg/verifier/plugin/plugin.go:85.2,85.14 1 0
github.com/deislabs/ratify/pkg/verifier/plugin/plugin.go:80.38,81.58 1 0
github.com/deislabs/ratify/pkg/verifier/plugin/plugin.go:81.58,83.4 1 0
github.com/deislabs/ratify/pkg/verifier/plugin/plugin.go:88.41,90.2 1 0
github.com/deislabs/ratify/pkg/verifier/plugin/plugin.go:96.56,99.34 2 1
github.com/deislabs/ratify/pkg/verifier/plugin/plugin.go:127.2,129.16 3 1
github.com/deislabs/ratify/pkg/verifier/plugin/plugin.go:133.2,135.17 2 1
github.com/deislabs/ratify/pkg/verifier/plugin/plugin.go:99.34,106.17 3 1
github.com/deislabs/ratify/pkg/verifier/plugin/plugin.go:110.3,110.57 1 1
github.com/deislabs/ratify/pkg/verifier/plugin/plugin.go:116.3,116.36 1 1
github.com/deislabs/ratify/pkg/verifier/plugin/plugin.go:106.17,108.4 1 0
github.com/deislabs/ratify/pkg/verifier/plugin/plugin.go:110.57,111.54 1 1
github.com/deislabs/ratify/pkg/verifier/plugin/plugin.go:111.54,113.5 1 1
github.com/deislabs/ratify/pkg/verifier/plugin/plugin.go:116.36,124.4 1 1
github.com/deislabs/ratify/pkg/verifier/plugin/plugin.go:129.16,131.3 1 0
github.com/deislabs/ratify/pkg/verifier/plugin/plugin.go:142.73,144.16 2 1
github.com/deislabs/ratify/pkg/verifier/plugin/plugin.go:148.2,161.16 4 1
github.com/deislabs/ratify/pkg/verifier/plugin/plugin.go:165.2,166.16 2 1
github.com/deislabs/ratify/pkg/verifier/plugin/plugin.go:170.2,171.16 2 1
github.com/deislabs/ratify/pkg/verifier/plugin/plugin.go:175.2,175.20 1 1
github.com/deislabs/ratify/pkg/verifier/plugin/plugin.go:144.16,146.3 1 0
github.com/deislabs/ratify/pkg/verifier/plugin/plugin.go:161.16,163.3 1 0
github.com/deislabs/ratify/pkg/verifier/plugin/plugin.go:166.16,168.3 1 0
github.com/deislabs/ratify/pkg/verifier/plugin/plugin.go:171.16,173.3 1 0
github.com/deislabs/ratify/pkg/verifier/plugin/skel/skel.go:58.100,64.81 1 0
github.com/deislabs/ratify/pkg/verifier/plugin/skel/skel.go:64.81,65.35 1 0
github.com/deislabs/ratify/pkg/verifier/plugin/skel/skel.go:68.3,68.13 1 0
github.com/deislabs/ratify/pkg/verifier/plugin/skel/skel.go:65.35,67.4 1 0
github.com/deislabs/ratify/pkg/verifier/plugin/skel/skel.go:72.133,74.16 2 1
github.com/deislabs/ratify/pkg/verifier/plugin/skel/skel.go:78.2,78.75 1 1
github.com/deislabs/ratify/pkg/verifier/plugin/skel/skel.go:82.2,83.16 2 1
github.com/deislabs/ratify/pkg/verifier/plugin/skel/skel.go:88.2,94.58 3 1
github.com/deislabs/ratify/pkg/verifier/plugin/skel/skel.go:97.2,105.13 2 1
github.com/deislabs/ratify/pkg/verifier/plugin/skel/skel.go:74.16,76.3 1 1
github.com/deislabs/ratify/pkg/verifier/plugin/skel/skel.go:78.75,80.3 1 1
github.com/deislabs/ratify/pkg/verifier/plugin/skel/skel.go:83.16,85.3 1 1
github.com/deislabs/ratify/pkg/verifier/plugin/skel/skel.go:94.58,96.3 1 0
github.com/deislabs/ratify/pkg/verifier/plugin/skel/skel.go:106.24,109.17 2 1
github.com/deislabs/ratify/pkg/verifier/plugin/skel/skel.go:113.3,114.17 2 1
github.com/deislabs/ratify/pkg/verifier/plugin/skel/skel.go:118.3,118.13 1 1
github.com/deislabs/ratify/pkg/verifier/plugin/skel/skel.go:119.10,120.108 1 1
github.com/deislabs/ratify/pkg/verifier/plugin/skel/skel.go:109.17,111.4 1 1
github.com/deislabs/ratify/pkg/verifier/plugin/skel/skel.go:114.17,116.4 1 0
github.com/deislabs/ratify/pkg/verifier/plugin/skel/skel.go:124.75,129.15 3 1
github.com/deislabs/ratify/pkg/verifier/plugin/skel/skel.go:134.2,135.19 2 1
github.com/deislabs/ratify/pkg/verifier/plugin/skel/skel.go:140.2,141.19 2 1
github.com/deislabs/ratify/pkg/verifier/plugin/skel/skel.go:145.2,145.26 1 1
github.com/deislabs/ratify/pkg/verifier/plugin/skel/skel.go:150.2,151.16 2 1
github.com/deislabs/ratify/pkg/verifier/plugin/skel/skel.go:155.2,156.16 2 1
github.com/deislabs/ratify/pkg/verifier/plugin/skel/skel.go:160.2,167.26 2 1
github.com/deislabs/ratify/pkg/verifier/plugin/skel/skel.go:129.15,131.3 1 0
github.com/deislabs/ratify/pkg/verifier/plugin/skel/skel.go:135.19,137.3 1 1
github.com/deislabs/ratify/pkg/verifier/plugin/skel/skel.go:141.19,143.3 1 0
github.com/deislabs/ratify/pkg/verifier/plugin/skel/skel.go:145.26,148.3 2 1
github.com/deislabs/ratify/pkg/verifier/plugin/skel/skel.go:151.16,153.3 1 0
github.com/deislabs/ratify/pkg/verifier/plugin/skel/skel.go:156.16,158.3 1 1
github.com/deislabs/ratify/pkg/verifier/plugin/skel/skel.go:170.80,171.38 1 1
github.com/deislabs/ratify/pkg/verifier/plugin/skel/skel.go:178.2,178.117 1 1
github.com/deislabs/ratify/pkg/verifier/plugin/skel/skel.go:171.38,173.19 1 1
github.com/deislabs/ratify/pkg/verifier/plugin/skel/skel.go:173.19,175.4 1 1
github.com/deislabs/ratify/pkg/verifier/plugin/skel/skel.go:181.88,184.58 2 1
github.com/deislabs/ratify/pkg/verifier/plugin/skel/skel.go:188.2,188.71 1 1
github.com/deislabs/ratify/pkg/verifier/plugin/skel/skel.go:191.2,191.20 1 1
github.com/deislabs/ratify/pkg/verifier/plugin/skel/skel.go:184.58,186.3 1 1
github.com/deislabs/ratify/pkg/verifier/plugin/skel/skel.go:188.71,190.3 1 1
github.com/deislabs/ratify/plugins/verifier/licensechecker/utils/spdxutils.go:25.58,29.2 3 1
github.com/deislabs/ratify/plugins/verifier/licensechecker/utils/spdxutils.go:31.64,33.33 2 1
github.com/deislabs/ratify/plugins/verifier/licensechecker/utils/spdxutils.go:39.2,39.15 1 1
github.com/deislabs/ratify/plugins/verifier/licensechecker/utils/spdxutils.go:33.33,38.3 1 1
github.com/deislabs/ratify/plugins/verifier/licensechecker/utils/spdxutils.go:42.65,44.35 2 1
github.com/deislabs/ratify/plugins/verifier/licensechecker/utils/spdxutils.go:47.2,47.15 1 1
github.com/deislabs/ratify/plugins/verifier/licensechecker/utils/spdxutils.go:44.35,46.3 1 1
github.com/deislabs/ratify/plugins/verifier/licensechecker/utils/spdxutils.go:50.116,52.49 2 1
github.com/deislabs/ratify/plugins/verifier/licensechecker/utils/spdxutils.go:58.2,58.15 1 1
github.com/deislabs/ratify/plugins/verifier/licensechecker/utils/spdxutils.go:52.49,54.10 2 1
github.com/deislabs/ratify/plugins/verifier/licensechecker/utils/spdxutils.go:54.10,56.4 1 0
